SF:lib/api/widgetbook_api.dart
DA:12,3
DA:14,3
DA:20,2
DA:23,4
DA:24,2
DA:30,2
DA:33,4
DA:34,2
DA:35,1
DA:38,2
DA:44,2
DA:47,2
DA:48,2
LF:13
LH:13
end_of_record
SF:lib/core/api_provider.dart
DA:5,12
DA:6,3
LF:2
LH:2
end_of_record
SF:lib/core/enums/request_status.dart
DA:2,4
LF:1
LH:1
end_of_record
SF:lib/core/exceptions/custom_exception.dart
DA:4,2
LF:1
LH:1
end_of_record
SF:lib/form/services/name_form_service.dart
DA:7,6
DA:8,2
DA:9,4
DA:10,2
DA:17,2
DA:23,2
DA:24,4
DA:25,2
DA:27,4
LF:9
LH:9
end_of_record
SF:lib/form/views/widgets/name_form.dart
DA:10,2
DA:12,2
DA:13,2
DA:22,1
DA:23,3
DA:26,3
DA:27,2
DA:28,1
DA:29,1
DA:33,6
DA:34,2
DA:35,1
DA:36,1
DA:39,2
DA:40,1
DA:41,3
DA:46,2
DA:48,2
DA:49,2
DA:50,2
DA:52,2
DA:53,2
DA:54,1
DA:55,1
DA:60,1
DA:61,1
DA:68,2
DA:69,6
DA:70,4
DA:75,2
DA:76,2
DA:77,2
DA:78,4
LF:33
LH:33
end_of_record
SF:lib/app.dart
DA:7,1
DA:9,1
DA:11,1
LF:3
LH:3
end_of_record
SF:lib/form/views/pages/form_page.dart
DA:7,1
DA:9,1
DA:11,1
DA:12,1
LF:4
LH:4
end_of_record
