SF:lib/app.dart
DA:7,1
DA:9,0
DA:11,1
LF:3
LH:2
end_of_record
SF:lib/form/views/pages/form_page.dart
DA:7,1
DA:9,1
DA:11,1
DA:12,1
LF:4
LH:4
end_of_record
SF:lib/core/enums/request_status.dart
DA:2,1
LF:1
LH:1
end_of_record
SF:lib/form/views/widgets/name_form.dart
DA:7,1
DA:9,1
DA:10,1
DA:19,0
DA:20,0
DA:23,0
DA:24,0
DA:25,0
DA:26,0
DA:29,0
DA:30,0
DA:31,0
DA:32,0
DA:35,0
DA:36,0
DA:37,0
DA:42,1
DA:44,1
DA:45,1
DA:46,1
DA:48,1
DA:49,1
DA:50,0
DA:51,0
DA:56,0
DA:57,0
DA:64,1
DA:66,3
DA:67,2
DA:72,1
DA:73,1
DA:74,1
DA:75,2
LF:33
LH:16
end_of_record
